0 info it worked if it ends with ok
1 verbose cli [ '/usr/bin/nodejs', '/usr/bin/npm', 'run', 'lint' ]
2 info using npm@3.9.5
3 info using node@v6.2.2
4 verbose run-script [ 'prelint', 'lint', 'postlint' ]
5 info lifecycle sky_tech_test@1.0.0~prelint: sky_tech_test@1.0.0
6 silly lifecycle sky_tech_test@1.0.0~prelint: no script for prelint, continuing
7 info lifecycle sky_tech_test@1.0.0~lint: sky_tech_test@1.0.0
8 verbose lifecycle sky_tech_test@1.0.0~lint: unsafe-perm in lifecycle true
9 verbose lifecycle sky_tech_test@1.0.0~lint: PATH: /usr/lib/node_modules/npm/bin/node-gyp-bin:/home/emily/MEGA/code/sky_tech_test/node_modules/.bin:/usr/bin:/usr/local/sbin:/usr/local/bin:/usr/sbin:/usr/bin:/sbin:/bin:/usr/games:/usr/local/games:/snap/bin
10 verbose lifecycle sky_tech_test@1.0.0~lint: CWD: /home/emily/MEGA/code/sky_tech_test
11 silly lifecycle sky_tech_test@1.0.0~lint: Args: [ '-c', 'semistandard --verbose | snazzy' ]
12 silly lifecycle sky_tech_test@1.0.0~lint: Returned: code: 255  signal: null
13 info lifecycle sky_tech_test@1.0.0~lint: Failed to exec lint script
14 verbose stack Error: sky_tech_test@1.0.0 lint: `semistandard --verbose | snazzy`
14 verbose stack Exit status 255
14 verbose stack     at EventEmitter.<anonymous> (/usr/lib/node_modules/npm/lib/utils/lifecycle.js:245:16)
14 verbose stack     at emitTwo (events.js:106:13)
14 verbose stack     at EventEmitter.emit (events.js:191:7)
14 verbose stack     at ChildProcess.<anonymous> (/usr/lib/node_modules/npm/lib/utils/spawn.js:24:14)
14 verbose stack     at emitTwo (events.js:106:13)
14 verbose stack     at ChildProcess.emit (events.js:191:7)
14 verbose stack     at maybeClose (internal/child_process.js:852:16)
14 verbose stack     at Process.ChildProcess._handle.onexit (internal/child_process.js:215:5)
15 verbose pkgid sky_tech_test@1.0.0
16 verbose cwd /home/emily/MEGA/code/sky_tech_test
17 error Linux 4.4.0-31-generic
18 error argv "/usr/bin/nodejs" "/usr/bin/npm" "run" "lint"
19 error node v6.2.2
20 error npm  v3.9.5
21 error code ELIFECYCLE
22 error sky_tech_test@1.0.0 lint: `semistandard --verbose | snazzy`
22 error Exit status 255
23 error Failed at the sky_tech_test@1.0.0 lint script 'semistandard --verbose | snazzy'.
23 error Make sure you have the latest version of node.js and npm installed.
23 error If you do, this is most likely a problem with the sky_tech_test package,
23 error not with npm itself.
23 error Tell the author that this fails on your system:
23 error     semistandard --verbose | snazzy
23 error You can get information on how to open an issue for this project with:
23 error     npm bugs sky_tech_test
23 error Or if that isn't available, you can get their info via:
23 error     npm owner ls sky_tech_test
23 error There is likely additional logging output above.
24 verbose exit [ 1, true ]
